
Chromatic CLI v7.6.0
https://www.chromatic.com/docs/cli

Authenticating with Chromatic
    → Connecting to https://index.chromatic.com
Authenticated with Chromatic
    → Using project token '****************4857'
Retrieving git information
Retrieved git information
    → Commit 'e6636a8' on branch 'main'; no ancestor found
Collecting Storybook metadata
Collected Storybook metadata
    → Storybook 7.5.3 for React; using the @storybook/nextjs builder (7.5.3); no supported addons found
Initializing build
Initialized build
    → Build 1 initialized
Building your Storybook
    → Running command: pnpm run build-storybook --output-dir /var/folders/jk/8nkp80d91cbb54qtm_fs8r4r0000gn/T/chromatic--74639-t6eqnYQP91Yz
Storybook built in 13 seconds
    → View build log at /Users/alex/development/playground/next-storybook/build-storybook.log
Publish your built Storybook
    → Validating Storybook files
Publishing your built Storybook
    → Retrieving target location
    → Starting publish
    → [                    ] 1%
    → [=                   ] 6%
    → [==                  ] 9%
    → [==                  ] 12%
    → [===                 ] 13%
    → [===                 ] 16%
    → [====                ] 21%
    → [=====               ] 25%
    → [=====               ] 27%
    → [======              ] 30%
    → [======              ] 31%
    → [======              ] 32%
    → [=======             ] 33%
    → [=======             ] 34%
    → [=======             ] 35%
    → [=======             ] 36%
    → [=======             ] 37%
    → [========            ] 39%
    → [========            ] 40%
    → [========            ] 42%
    → [=========           ] 44%
    → [=========           ] 45%
    → [=========           ] 47%
    → [==========          ] 48%
    → [==========          ] 49%
    → [==========          ] 51%
    → [==========          ] 52%
    → [===========         ] 53%
    → [===========         ] 55%
    → [===========         ] 56%
    → [============        ] 59%
    → [============        ] 60%
    → [============        ] 61%
    → [=============       ] 63%
    → [=============       ] 67%
    → [==============      ] 70%
    → [===============     ] 73%
    → [===============     ] 76%
    → [===============     ] 77%
    → [================    ] 79%
    → [================    ] 80%
    → [================    ] 82%
    → [=================   ] 84%
    → [=================   ] 86%
    → [==================  ] 89%
    → [==================  ] 90%
    → [==================  ] 92%
    → [=================== ] 93%
    → [=================== ] 94%
    → [=================== ] 95%
    → [=================== ] 96%
    → [=================== ] 97%
    → [====================] 98%
    → [====================] 99%
    → [====================] 100%
Publish complete in 13 seconds
    → View your Storybook at https://654ca4e2666193921be587a4-bwmqjayjgm.chromatic.com
Verifying your Storybook
    → This may take a few minutes
Started build 1
    → Continue setup at https://www.chromatic.com/setup?appId=654ca4e2666193921be587a4
Running 15 tests
    → This may take a few minutes
ℹ Speed up Continuous Integration
Your project is linked to GitHub so Chromatic will report results there.
This means you can pass the --exit-once-uploaded flag to skip waiting for build results.
Read more here: https://www.chromatic.com/docs/cli#chromatic-options
    → [=                   ] 1/15  Badge › Default 
    → [===                 ] 2/15  Badge › Secondary 
    → [====                ] 3/15  Badge › Clickable 
    → [========            ] 6/15  Input › Input In Form 
    → [=========           ] 7/15  Label › Label 
    → [============        ] 9/15  Button › Secondary 
    → [=============       ] 10/15  Button › Large 
    → [===============     ] 11/15  Button › Small 
✔ Build passed. Welcome to Chromatic!
We found 6 components with 15 stories and took 15 snapshots.
ℹ Please continue setup at https://www.chromatic.com/setup?appId=654ca4e2666193921be587a4
Build 1 auto-accepted
    → Tested 15 stories across 6 components; captured 15 snapshots in 22 seconds


